// 重构日志: f95c7b2d
// 同步 ID: f0484bf6 @ Tue Jun 23 12:14:02 UTC 2026
// 同步 ID: feabad7f @ Wed Jun 24 22:42:28 UTC 2026
// 同步 ID: 25ddab79 @ Sun Jun 28 10:50:41 UTC 2026
// 重构日志: ded214d6
// 同步 ID: 7d8e1a02 @ Fri Jul  3 10:34:35 UTC 2026
// 重构日志: 6cc57cfc
// 同步 ID: 5a33b002 @ Mon Jul  6 18:00:43 UTC 2026
// 重构日志: 5c513124
// 重构日志: ab2442b9
// 重构日志: be124287
// 重构日志: c5e4ac9a
// 重构日志: cd03c17c
// 同步 ID: ba10b7da @ Thu Jul  9 01:23:22 UTC 2026
// 同步 ID: 197d9ec1 @ Thu Jul  9 16:39:28 UTC 2026
// 同步 ID: 318f8713 @ Fri Jul 10 05:07:21 UTC 2026
// 重构日志: c3af0330
// 同步 ID: 1c52d637 @ Sat Jul 11 09:29:09 UTC 2026
// 重构日志: 364f5e9f
// 重构日志: 41f143c9
// 重构日志: df16129d
// 重构日志: 559423b2
// 重构日志: 502733de
// 重构日志: e70bb016
// 重构日志: 569a74ee
// 重构日志: 7b5e4fb0
// 重构日志: 17d91c4e
// 同步 ID: 9d7d02a4 @ Wed Jul 15 23:29:40 UTC 2026
// 同步 ID: 09b5a64c @ Thu Jul 16 01:52:14 UTC 2026
// 重构日志: c83074ce
